# JRE version: Java(TM) SE Runtime Environment (9.0+11) (build 9.0.4+11)
# Java VM: Java HotSpot(TM) 64-Bit Server VM (9.0.4+11, mixed mode, tiered, compressed oops, g1 gc, windows-amd64)
Heap:
 garbage-first heap   total 157696K, used 65653K [0x0000000081400000, 0x00000000815004d0, 0x0000000100000000)
  region size 1024K, 56 young (57344K), 5 survivors (5120K)
 Metaspace       used 27531K, capacity 28632K, committed 28848K, reserved 1079296K
  class space    used 2910K, capacity 3159K, committed 3248K, reserved 1048576K
GC Heap History (10 events):
Event: 1.541 GC heap before
{Heap before GC invocations=1 (full 0):
 garbage-first heap   total 131072K, used 13737K [0x0000000081400000, 0x0000000081500400, 0x0000000100000000)
  region size 1024K, 11 young (11264K), 2 survivors (2048K)
 Metaspace       used 12411K, capacity 12780K, committed 12928K, reserved 1060864K
  class space    used 1257K, capacity 1342K, committed 1408K, reserved 1048576K
}
Event: 1.549 GC heap after
{Heap after GC invocations=2 (full 0):
 garbage-first heap   total 131072K, used 6472K [0x0000000081400000, 0x0000000081500400, 0x0000000100000000)
  region size 1024K, 2 young (2048K), 2 survivors (2048K)
 Metaspace       used 12411K, capacity 12780K, committed 12928K, reserved 1060864K
  class space    used 1257K, capacity 1342K, committed 1408K, reserved 1048576K
}
Event: 2.456 GC heap before
{Heap before GC invocations=2 (full 0):
 garbage-first heap   total 131072K, used 30024K [0x0000000081400000, 0x0000000081500400, 0x0000000100000000)
  region size 1024K, 25 young (25600K), 2 survivors (2048K)
 Metaspace       used 14477K, capacity 14802K, committed 14976K, reserved 1062912K
  class space    used 1506K, capacity 1609K, committed 1664K, reserved 1048576K
}
Event: 2.462 GC heap after
{Heap after GC invocations=3 (full 0):
 garbage-first heap   total 131072K, used 8118K [0x0000000081400000, 0x0000000081500400, 0x0000000100000000)
  region size 1024K, 4 young (4096K), 4 survivors (4096K)
 Metaspace       used 14477K, capacity 14802K, committed 14976K, reserved 1062912K
  class space    used 1506K, capacity 1609K, committed 1664K, reserved 1048576K
}
Event: 6.690 GC heap before
{Heap before GC invocations=3 (full 0):
 garbage-first heap   total 131072K, used 81846K [0x0000000081400000, 0x0000000081500400, 0x0000000100000000)
  region size 1024K, 76 young (77824K), 4 survivors (4096K)
 Metaspace       used 20544K, capacity 21132K, committed 21296K, reserved 1069056K
  class space    used 2171K, capacity 2308K, committed 2352K, reserved 1048576K
}
Event: 6.711 GC heap after
{Heap after GC invocations=4 (full 0):
 garbage-first heap   total 131072K, used 14119K [0x0000000081400000, 0x0000000081500400, 0x0000000100000000)
  region size 1024K, 10 young (10240K), 10 survivors (10240K)
 Metaspace       used 20544K, capacity 21132K, committed 21296K, reserved 1069056K
  class space    used 2171K, capacity 2308K, committed 2352K, reserved 1048576K
}
Event: 6.815 GC heap before
{Heap before GC invocations=4 (full 0):
 garbage-first heap   total 131072K, used 16167K [0x0000000081400000, 0x0000000081500400, 0x0000000100000000)
  region size 1024K, 13 young (13312K), 10 survivors (10240K)
 Metaspace       used 20655K, capacity 21168K, committed 21296K, reserved 1069056K
  class space    used 2186K, capacity 2344K, committed 2352K, reserved 1048576K
}
Event: 6.829 GC heap after
{Heap after GC invocations=5 (full 0):
 garbage-first heap   total 131072K, used 11335K [0x0000000081400000, 0x0000000081500400, 0x0000000100000000)
  region size 1024K, 2 young (2048K), 2 survivors (2048K)
 Metaspace       used 20655K, capacity 21168K, committed 21296K, reserved 1069056K
  class space    used 2186K, capacity 2344K, committed 2352K, reserved 1048576K
}
Event: 10.698 GC heap before
{Heap before GC invocations=6 (full 0):
 garbage-first heap   total 131072K, used 87111K [0x0000000081400000, 0x0000000081500400, 0x0000000100000000)
  region size 1024K, 76 young (77824K), 2 survivors (2048K)
 Metaspace       used 22074K, capacity 22610K, committed 22960K, reserved 1069056K
  class space    used 2280K, capacity 2419K, committed 2480K, reserved 1048576K
}
Event: 10.710 GC heap after
{Heap after GC invocations=7 (full 0):
 garbage-first heap   total 157696K, used 14453K [0x0000000081400000, 0x00000000815004d0, 0x0000000100000000)
  region size 1024K, 5 young (5120K), 5 survivors (5120K)
 Metaspace       used 22074K, capacity 22610K, committed 22960K, reserved 1069056K
  class space    used 2280K, capacity 2419K, committed 2480K, reserved 1048576K
}

