# JRE version: Java(TM) SE Runtime Environment (9.0+11) (build 9.0.4+11)
# Java VM: Java HotSpot(TM) 64-Bit Server VM (9.0.4+11, mixed mode, tiered, compressed oops, g1 gc, windows-amd64)
Heap:
 garbage-first heap   total 157696K, used 40033K [0x0000000081400000, 0x00000000815004d0, 0x0000000100000000)
  region size 1024K, 31 young (31744K), 2 survivors (2048K)
 Metaspace       used 21482K, capacity 21940K, committed 22320K, reserved 1069056K
  class space    used 2276K, capacity 2416K, committed 2432K, reserved 1048576K
GC Heap History (10 events):
Event: 0.835 GC heap before
{Heap before GC invocations=0 (full 0):
 garbage-first heap   total 131072K, used 14336K [0x0000000081400000, 0x0000000081500400, 0x0000000100000000)
  region size 1024K, 14 young (14336K), 0 survivors (0K)
 Metaspace       used 10115K, capacity 10480K, committed 10624K, reserved 1058816K
  class space    used 964K, capacity 1070K, committed 1152K, reserved 1048576K
}
Event: 0.844 GC heap after
{Heap after GC invocations=1 (full 0):
 garbage-first heap   total 131072K, used 4649K [0x0000000081400000, 0x0000000081500400, 0x0000000100000000)
  region size 1024K, 2 young (2048K), 2 survivors (2048K)
 Metaspace       used 10115K, capacity 10480K, committed 10624K, reserved 1058816K
  class space    used 964K, capacity 1070K, committed 1152K, reserved 1048576K
}
Event: 1.201 GC heap before
{Heap before GC invocations=1 (full 0):
 garbage-first heap   total 131072K, used 12841K [0x0000000081400000, 0x0000000081500400, 0x0000000100000000)
  region size 1024K, 10 young (10240K), 2 survivors (2048K)
 Metaspace       used 12222K, capacity 12576K, committed 12928K, reserved 1060864K
  class space    used 1246K, capacity 1342K, committed 1408K, reserved 1048576K
}
Event: 1.210 GC heap after
{Heap after GC invocations=2 (full 0):
 garbage-first heap   total 131072K, used 6332K [0x0000000081400000, 0x0000000081500400, 0x0000000100000000)
  region size 1024K, 2 young (2048K), 2 survivors (2048K)
 Metaspace       used 12222K, capacity 12576K, committed 12928K, reserved 1060864K
  class space    used 1246K, capacity 1342K, committed 1408K, reserved 1048576K
}
Event: 1.801 GC heap before
{Heap before GC invocations=2 (full 0):
 garbage-first heap   total 131072K, used 30908K [0x0000000081400000, 0x0000000081500400, 0x0000000100000000)
  region size 1024K, 26 young (26624K), 2 survivors (2048K)
 Metaspace       used 14305K, capacity 14652K, committed 14976K, reserved 1062912K
  class space    used 1492K, capacity 1603K, committed 1664K, reserved 1048576K
}
Event: 1.807 GC heap after
{Heap after GC invocations=3 (full 0):
 garbage-first heap   total 131072K, used 7970K [0x0000000081400000, 0x0000000081500400, 0x0000000100000000)
  region size 1024K, 4 young (4096K), 4 survivors (4096K)
 Metaspace       used 14305K, capacity 14652K, committed 14976K, reserved 1062912K
  class space    used 1492K, capacity 1603K, committed 1664K, reserved 1048576K
}
Event: 4.341 GC heap before
{Heap before GC invocations=3 (full 0):
 garbage-first heap   total 131072K, used 81698K [0x0000000081400000, 0x0000000081500400, 0x0000000100000000)
  region size 1024K, 76 young (77824K), 4 survivors (4096K)
 Metaspace       used 20390K, capacity 20930K, committed 21296K, reserved 1069056K
  class space    used 2179K, capacity 2310K, committed 2432K, reserved 1048576K
}
Event: 4.363 GC heap after
{Heap after GC invocations=4 (full 0):
 garbage-first heap   total 131072K, used 14409K [0x0000000081400000, 0x0000000081500400, 0x0000000100000000)
  region size 1024K, 10 young (10240K), 10 survivors (10240K)
 Metaspace       used 20390K, capacity 20930K, committed 21296K, reserved 1069056K
  class space    used 2179K, capacity 2310K, committed 2432K, reserved 1048576K
}
Event: 4.425 GC heap before
{Heap before GC invocations=4 (full 0):
 garbage-first heap   total 131072K, used 14409K [0x0000000081400000, 0x0000000081500400, 0x0000000100000000)
  region size 1024K, 11 young (11264K), 10 survivors (10240K)
 Metaspace       used 20472K, capacity 21028K, committed 21296K, reserved 1069056K
  class space    used 2188K, capacity 2344K, committed 2432K, reserved 1048576K
}
Event: 4.441 GC heap after
{Heap after GC invocations=5 (full 0):
 garbage-first heap   total 157696K, used 11361K [0x0000000081400000, 0x00000000815004d0, 0x0000000100000000)
  region size 1024K, 2 young (2048K), 2 survivors (2048K)
 Metaspace       used 20472K, capacity 21028K, committed 21296K, reserved 1069056K
  class space    used 2188K, capacity 2344K, committed 2432K, reserved 1048576K
}

