<?xml version="1.0" encoding="UTF-8" ?>
<testsuite tests="9" failures="0" name="hr.fer.zemris.java.custom.collections.DictionaryTest" time="0.14" errors="0" skipped="0">
  <properties>
[...]
</properties>
  <testcase classname="hr.fer.zemris.java.custom.collections.DictionaryTest" name="testIsEmptyWhenNoEntries" time="0.093"/>
  <testcase classname="hr.fer.zemris.java.custom.collections.DictionaryTest" name="createDictionaryWithGivenCapacity" time="0"/>
  <testcase classname="hr.fer.zemris.java.custom.collections.DictionaryTest" name="insertNullTest" time="0"/>
  <testcase classname="hr.fer.zemris.java.custom.collections.DictionaryTest" name="createDictionaryDefaultCapacity" time="0"/>
  <testcase classname="hr.fer.zemris.java.custom.collections.DictionaryTest" name="testIsEmptyWithEntries" time="0"/>
  <testcase classname="hr.fer.zemris.java.custom.collections.DictionaryTest" name="testGetMethod" time="0"/>
  <testcase classname="hr.fer.zemris.java.custom.collections.DictionaryTest" name="putEntry" time="0.047"/>
  <testcase classname="hr.fer.zemris.java.custom.collections.DictionaryTest" name="dictionarySize" time="0"/>
  <testcase classname="hr.fer.zemris.java.custom.collections.DictionaryTest" name="putExisting" time="0"/>
</testsuite>